* using log directory ‘/home/travis/build/folkehelseinstituttet/dashboards_sykdomspulspdf/sykdomspulspdf.Rcheck’
* using R version 3.5.1 (2017-01-27)
* using platform: x86_64-pc-linux-gnu (64-bit)
* using session charset: UTF-8
* using options ‘--no-manual --as-cran’
* checking for file ‘sykdomspulspdf/DESCRIPTION’ ... OK
* this is package ‘sykdomspulspdf’ version ‘2018.11.07’
* package encoding: UTF-8
* checking package namespace information ... OK
* checking package dependencies ... OK
* checking if this is a source package ... OK
* checking if there is a namespace ... OK
* checking for executable files ... OK
* checking for hidden files and directories ... NOTE
Found the following hidden files and directories:
  .travis.yml
These were most likely included in error. See section ‘Package
structure’ in the ‘Writing R Extensions’ manual.
* checking for portable file names ... OK
* checking for sufficient/correct file permissions ... OK
* checking serialization versions ... OK
* checking whether package ‘sykdomspulspdf’ can be installed ... OK
* checking installed package size ... OK
* checking package directory ... OK
* checking DESCRIPTION meta-information ... NOTE
Package listed in more than one of Depends, Imports, Suggests, Enhances:
  ‘testthat’
A package should be listed in only one of these fields.
* checking top-level files ... NOTE
File
  LICENSE
is not mentioned in the DESCRIPTION file.
Non-standard files/directories found at top level:
  ‘CONTRIBUTING.md’ ‘deploy.sh’ ‘make.sh’ ‘pkgdown’ ‘travis’
* checking for left-over files ... OK
* checking index information ... OK
* checking package subdirectories ... OK
* checking R files for non-ASCII characters ... OK
* checking R files for syntax errors ... OK
* checking whether the package can be loaded ... OK
* checking whether the package can be loaded with stated dependencies ... OK
* checking whether the package can be unloaded cleanly ... OK
* checking whether the namespace can be loaded with stated dependencies ... OK
* checking whether the namespace can be unloaded cleanly ... OK
* checking loading without being on the library search path ... OK
* checking dependencies in R code ... OK
* checking S3 generic/method consistency ... OK
* checking replacement functions ... OK
* checking foreign function calls ... OK
* checking R code for possible problems ... NOTE
CleanData: no visible binding for global variable ‘Fylke’
CleanDataByFylke: no visible binding for global variable ‘Fylke’
CleanDataByFylke: no visible binding for global variable ‘Fylkename’
CleanDataByFylke: no visible binding for global variable ‘newage’
CreatePlots1: no visible global function definition for ‘par’
CreatePlots1: no visible global function definition for ‘plot’
CreatePlots1: no visible global function definition for ‘lines’
CreatePlots1: no visible global function definition for ‘axis’
CreatePlots1: no visible global function definition for ‘box’
CreatePlots1: no visible global function definition for ‘abline’
CreatePlots1: no visible global function definition for ‘text’
CreatePlots1: no visible global function definition for ‘legend’
CreatePlots1: no visible global function definition for ‘mtext’
CreatePlots2: no visible global function definition for ‘par’
CreatePlots2: no visible global function definition for ‘plot’
CreatePlots2: no visible global function definition for ‘lines’
CreatePlots2: no visible global function definition for ‘axis’
CreatePlots2: no visible global function definition for ‘box’
CreatePlots2: no visible global function definition for ‘abline’
CreatePlots2: no visible global function definition for ‘mtext’
selectAgeGroups: no visible binding for global variable ‘newage’
Undefined global functions or variables:
  abline axis box Fylke Fylkename legend lines mtext newage par plot
  text
Consider adding
  importFrom("graphics", "abline", "axis", "box", "legend", "lines",
             "mtext", "par", "plot", "text")
to your NAMESPACE file.
* checking Rd files ... OK
* checking Rd metadata ... OK
* checking Rd line widths ... OK
* checking Rd cross-references ... OK
* checking for missing documentation entries ... OK
* checking for code/documentation mismatches ... OK
* checking Rd \usage sections ... OK
* checking Rd contents ... OK
* checking for unstated dependencies in examples ... OK
* checking examples ... NONE
* checking for unstated dependencies in ‘tests’ ... OK
* checking tests ... OK
  Running ‘testthat.R’
* DONE
Status: 4 NOTEs
